This file contains any messages produced by compilers while
running configure, to aid debugging if configure makes a mistake.

It was created by FULL-PACKAGE-NAME configure VERSION, which was
generated by GNU Autoconf 2.61.  Invocation command line was

  $ ./configure 

## --------- ##
## Platform. ##
## --------- ##

hostname = b44
uname -m = x86_64
uname -r = 4.13.0-46-generic
uname -s = Linux
uname -v = #51-Ubuntu SMP Tue Jun 12 12:36:29 UTC 2018

/usr/bin/uname -p = unknown
/bin/uname -X     = unknown

/bin/arch              = unknown
/usr/bin/arch -k       = unknown
/usr/convex/getsysinfo = unknown
/usr/bin/hostinfo      = unknown
/bin/machine           = unknown
/usr/bin/oslevel       = unknown
/bin/universe          = unknown

PATH: /usr/local/anaconda3/bin
PATH: /usr/local/bin
PATH: /usr/bin
PATH: /bin
PATH: /usr/lib/jvm/java-1.8.0-openjdk-amd64
PATH: /usr/local/sbin
PATH: /usr/local/bin
PATH: /usr/sbin
PATH: /usr/bin
PATH: /sbin
PATH: /bin
PATH: /usr/games
PATH: /usr/local/games
PATH: /snap/bin


## ----------- ##
## Core tests. ##
## ----------- ##

configure:1737: checking for gcc
configure:1753: found /usr/bin/gcc
configure:1764: result: gcc
configure:2002: checking for C compiler version
configure:2009: gcc --version >&5
gcc (Ubuntu 7.3.0-27ubuntu1~18.04) 7.3.0
Copyright (C) 2017 Free Software Foundation, Inc.
This is free software; see the source for copying conditions.  There is NO
warranty; not even for MERCHANTABILITY or FITNESS FOR A PARTICULAR PURPOSE.

configure:2012: $? = 0
configure:2019: gcc -v >&5
Using built-in specs.
COLLECT_GCC=gcc
COLLECT_LTO_WRAPPER=/usr/lib/gcc/x86_64-linux-gnu/7/lto-wrapper
OFFLOAD_TARGET_NAMES=nvptx-none
OFFLOAD_TARGET_DEFAULT=1
Target: x86_64-linux-gnu
Configured with: ../src/configure -v --with-pkgversion='Ubuntu 7.3.0-27ubuntu1~18.04' --with-bugurl=file:///usr/share/doc/gcc-7/README.Bugs --enable-languages=c,ada,c++,go,brig,d,fortran,objc,obj-c++ --prefix=/usr --with-gcc-major-version-only --program-suffix=-7 --program-prefix=x86_64-linux-gnu- --enable-shared --enable-linker-build-id --libexecdir=/usr/lib --without-included-gettext --enable-threads=posix --libdir=/usr/lib --enable-nls --with-sysroot=/ --enable-clocale=gnu --enable-libstdcxx-debug --enable-libstdcxx-time=yes --with-default-libstdcxx-abi=new --enable-gnu-unique-object --disable-vtable-verify --enable-libmpx --enable-plugin --enable-default-pie --with-system-zlib --with-target-system-zlib --enable-objc-gc=auto --enable-multiarch --disable-werror --with-arch-32=i686 --with-abi=m64 --with-multilib-list=m32,m64,mx32 --enable-multilib --with-tune=generic --enable-offload-targets=nvptx-none --without-cuda-driver --enable-checking=release --build=x86_64-linux-gnu --host=x86_64-linux-gnu --target=x86_64-linux-gnu
Thread model: posix
gcc version 7.3.0 (Ubuntu 7.3.0-27ubuntu1~18.04) 
configure:2022: $? = 0
configure:2029: gcc -V >&5
gcc: error: unrecognized command line option '-V'
gcc: fatal error: no input files
compilation terminated.
configure:2032: $? = 1
configure:2055: checking for C compiler default output file name
configure:2082: gcc    conftest.c  >&5
configure:2085: $? = 0
configure:2123: result: a.out
configure:2140: checking whether the C compiler works
configure:2150: ./a.out
configure:2153: $? = 0
configure:2170: result: yes
configure:2177: checking whether we are cross compiling
configure:2179: result: no
configure:2182: checking for suffix of executables
configure:2189: gcc -o conftest    conftest.c  >&5
configure:2192: $? = 0
configure:2216: result: 
configure:2222: checking for suffix of object files
configure:2248: gcc -c   conftest.c >&5
configure:2251: $? = 0
configure:2274: result: o
configure:2278: checking whether we are using the GNU C compiler
configure:2307: gcc -c   conftest.c >&5
configure:2313: $? = 0
configure:2330: result: yes
configure:2335: checking whether gcc accepts -g
configure:2365: gcc -c -g  conftest.c >&5
configure:2371: $? = 0
configure:2470: result: yes
configure:2487: checking for gcc option to accept ISO C89
configure:2561: gcc  -c -g -O2  conftest.c >&5
configure:2567: $? = 0
configure:2590: result: none needed
configure:2615: checking for inet_addr in -lnsl
configure:2650: gcc -o conftest -g -O2   conftest.c -lnsl   >&5
configure:2656: $? = 0
configure:2674: result: yes
configure:2687: checking for socket in -lsocket
configure:2722: gcc -o conftest -g -O2   conftest.c -lsocket  -lnsl  >&5
/usr/bin/ld: cannot find -lsocket
collect2: error: ld returned 1 exit status
configure:2728: $? = 1
configure: failed program was:
| /* confdefs.h.  */
| #define PACKAGE_NAME "FULL-PACKAGE-NAME"
| #define PACKAGE_TARNAME "full-package-name"
| #define PACKAGE_VERSION "VERSION"
| #define PACKAGE_STRING "FULL-PACKAGE-NAME VERSION"
| #define PACKAGE_BUGREPORT "BUG-REPORT-ADDRESS"
| #define HAVE_LIBNSL 1
| /* end confdefs.h.  */
| 
| /* Override any GCC internal prototype to avoid an error.
|    Use char because int might match the return type of a GCC
|    builtin and then its argument prototype would still apply.  */
| #ifdef __cplusplus
| extern "C"
| #endif
| char socket ();
| int
| main ()
| {
| return socket ();
|   ;
|   return 0;
| }
configure:2746: result: no
configure:2764: checking how to run the C preprocessor
configure:2804: gcc -E  conftest.c
configure:2810: $? = 0
configure:2841: gcc -E  conftest.c
conftest.c:9:10: fatal error: ac_nonexistent.h: No such file or directory
 #include <ac_nonexistent.h>
          ^~~~~~~~~~~~~~~~~~
compilation terminated.
configure:2847: $? = 1
configure: failed program was:
| /* confdefs.h.  */
| #define PACKAGE_NAME "FULL-PACKAGE-NAME"
| #define PACKAGE_TARNAME "full-package-name"
| #define PACKAGE_VERSION "VERSION"
| #define PACKAGE_STRING "FULL-PACKAGE-NAME VERSION"
| #define PACKAGE_BUGREPORT "BUG-REPORT-ADDRESS"
| #define HAVE_LIBNSL 1
| /* end confdefs.h.  */
| #include <ac_nonexistent.h>
configure:2880: result: gcc -E
configure:2909: gcc -E  conftest.c
configure:2915: $? = 0
configure:2946: gcc -E  conftest.c
conftest.c:9:10: fatal error: ac_nonexistent.h: No such file or directory
 #include <ac_nonexistent.h>
          ^~~~~~~~~~~~~~~~~~
compilation terminated.
configure:2952: $? = 1
configure: failed program was:
| /* confdefs.h.  */
| #define PACKAGE_NAME "FULL-PACKAGE-NAME"
| #define PACKAGE_TARNAME "full-package-name"
| #define PACKAGE_VERSION "VERSION"
| #define PACKAGE_STRING "FULL-PACKAGE-NAME VERSION"
| #define PACKAGE_BUGREPORT "BUG-REPORT-ADDRESS"
| #define HAVE_LIBNSL 1
| /* end confdefs.h.  */
| #include <ac_nonexistent.h>
configure:2990: checking for grep that handles long lines and -e
configure:3064: result: /bin/grep
configure:3069: checking for egrep
configure:3147: result: /bin/grep -E
configure:3152: checking for ANSI C header files
configure:3182: gcc -c -g -O2  conftest.c >&5
configure:3188: $? = 0
configure:3287: gcc -o conftest -g -O2   conftest.c -lnsl  >&5
configure:3290: $? = 0
configure:3296: ./conftest
configure:3299: $? = 0
configure:3316: result: yes
configure:3340: checking for sys/types.h
configure:3361: gcc -c -g -O2  conftest.c >&5
configure:3367: $? = 0
configure:3383: result: yes
configure:3340: checking for sys/stat.h
configure:3361: gcc -c -g -O2  conftest.c >&5
configure:3367: $? = 0
configure:3383: result: yes
configure:3340: checking for stdlib.h
configure:3361: gcc -c -g -O2  conftest.c >&5
configure:3367: $? = 0
configure:3383: result: yes
configure:3340: checking for string.h
configure:3361: gcc -c -g -O2  conftest.c >&5
configure:3367: $? = 0
configure:3383: result: yes
configure:3340: checking for memory.h
configure:3361: gcc -c -g -O2  conftest.c >&5
configure:3367: $? = 0
configure:3383: result: yes
configure:3340: checking for strings.h
configure:3361: gcc -c -g -O2  conftest.c >&5
configure:3367: $? = 0
configure:3383: result: yes
configure:3340: checking for inttypes.h
configure:3361: gcc -c -g -O2  conftest.c >&5
configure:3367: $? = 0
configure:3383: result: yes
configure:3340: checking for stdint.h
configure:3361: gcc -c -g -O2  conftest.c >&5
configure:3367: $? = 0
configure:3383: result: yes
configure:3340: checking for unistd.h
configure:3361: gcc -c -g -O2  conftest.c >&5
configure:3367: $? = 0
configure:3383: result: yes
configure:3416: checking arpa/inet.h usability
configure:3433: gcc -c -g -O2  conftest.c >&5
configure:3439: $? = 0
configure:3453: result: yes
configure:3457: checking arpa/inet.h presence
configure:3472: gcc -E  conftest.c
configure:3478: $? = 0
configure:3492: result: yes
configure:3525: checking for arpa/inet.h
configure:3533: result: yes
configure:3416: checking netdb.h usability
configure:3433: gcc -c -g -O2  conftest.c >&5
configure:3439: $? = 0
configure:3453: result: yes
configure:3457: checking netdb.h presence
configure:3472: gcc -E  conftest.c
configure:3478: $? = 0
configure:3492: result: yes
configure:3525: checking for netdb.h
configure:3533: result: yes
configure:3416: checking netinet/in.h usability
configure:3433: gcc -c -g -O2  conftest.c >&5
configure:3439: $? = 0
configure:3453: result: yes
configure:3457: checking netinet/in.h presence
configure:3472: gcc -E  conftest.c
configure:3478: $? = 0
configure:3492: result: yes
configure:3525: checking for netinet/in.h
configure:3533: result: yes
configure:3406: checking for stdlib.h
configure:3412: result: yes
configure:3406: checking for string.h
configure:3412: result: yes
configure:3416: checking sys/socket.h usability
configure:3433: gcc -c -g -O2  conftest.c >&5
configure:3439: $? = 0
configure:3453: result: yes
configure:3457: checking sys/socket.h presence
configure:3472: gcc -E  conftest.c
configure:3478: $? = 0
configure:3492: result: yes
configure:3525: checking for sys/socket.h
configure:3533: result: yes
configure:3406: checking for unistd.h
configure:3412: result: yes
configure:3548: checking for an ANSI C-conforming const
configure:3623: gcc -c -g -O2  conftest.c >&5
configure:3629: $? = 0
configure:3644: result: yes
configure:3655: checking for uint16_t
configure:3686: gcc -c -g -O2  conftest.c >&5
configure:3692: $? = 0
configure:3713: result: yes
configure:3727: checking for uint32_t
configure:3758: gcc -c -g -O2  conftest.c >&5
configure:3764: $? = 0
configure:3785: result: yes
configure:3810: checking for bzero
configure:3866: gcc -o conftest -g -O2   conftest.c -lnsl  >&5
conftest.c:49:6: warning: conflicting types for built-in function 'bzero' [-Wbuiltin-declaration-mismatch]
 char bzero ();
      ^~~~~
configure:3872: $? = 0
configure:3890: result: yes
configure:3810: checking for gethostbyname
configure:3866: gcc -o conftest -g -O2   conftest.c -lnsl  >&5
configure:3872: $? = 0
configure:3890: result: yes
configure:3810: checking for socket
configure:3866: gcc -o conftest -g -O2   conftest.c -lnsl  >&5
configure:3872: $? = 0
configure:3890: result: yes
configure:4034: creating ./config.status

## ---------------------- ##
## Running config.status. ##
## ---------------------- ##

This file was extended by FULL-PACKAGE-NAME config.status VERSION, which was
generated by GNU Autoconf 2.61.  Invocation command line was

  CONFIG_FILES    = 
  CONFIG_HEADERS  = 
  CONFIG_LINKS    = 
  CONFIG_COMMANDS = 
  $ ./config.status 

on b44

config.status:574: creating Makefile

## ---------------- ##
## Cache variables. ##
## ---------------- ##

ac_cv_c_compiler_gnu=yes
ac_cv_c_const=yes
ac_cv_c_uint16_t=yes
ac_cv_c_uint32_t=yes
ac_cv_env_CC_set=
ac_cv_env_CC_value=
ac_cv_env_CFLAGS_set=
ac_cv_env_CFLAGS_value=
ac_cv_env_CPPFLAGS_set=
ac_cv_env_CPPFLAGS_value=
ac_cv_env_CPP_set=
ac_cv_env_CPP_value=
ac_cv_env_LDFLAGS_set=
ac_cv_env_LDFLAGS_value=
ac_cv_env_LIBS_set=
ac_cv_env_LIBS_value=
ac_cv_env_build_alias_set=
ac_cv_env_build_alias_value=
ac_cv_env_host_alias_set=
ac_cv_env_host_alias_value=
ac_cv_env_target_alias_set=
ac_cv_env_target_alias_value=
ac_cv_func_bzero=yes
ac_cv_func_gethostbyname=yes
ac_cv_func_socket=yes
ac_cv_header_arpa_inet_h=yes
ac_cv_header_inttypes_h=yes
ac_cv_header_memory_h=yes
ac_cv_header_netdb_h=yes
ac_cv_header_netinet_in_h=yes
ac_cv_header_stdc=yes
ac_cv_header_stdint_h=yes
ac_cv_header_stdlib_h=yes
ac_cv_header_string_h=yes
ac_cv_header_strings_h=yes
ac_cv_header_sys_socket_h=yes
ac_cv_header_sys_stat_h=yes
ac_cv_header_sys_types_h=yes
ac_cv_header_unistd_h=yes
ac_cv_lib_nsl_inet_addr=yes
ac_cv_lib_socket_socket=no
ac_cv_objext=o
ac_cv_path_EGREP='/bin/grep -E'
ac_cv_path_GREP=/bin/grep
ac_cv_prog_CPP='gcc -E'
ac_cv_prog_ac_ct_CC=gcc
ac_cv_prog_cc_c89=
ac_cv_prog_cc_g=yes

## ----------------- ##
## Output variables. ##
## ----------------- ##

CC='gcc'
CFLAGS='-g -O2'
CPP='gcc -E'
CPPFLAGS=''
DEFS='-DPACKAGE_NAME=\"FULL-PACKAGE-NAME\" -DPACKAGE_TARNAME=\"full-package-name\" -DPACKAGE_VERSION=\"VERSION\" -DPACKAGE_STRING=\"FULL-PACKAGE-NAME\ VERSION\" -DPACKAGE_BUGREPORT=\"BUG-REPORT-ADDRESS\" -DHAVE_LIBNSL=1 -DSTDC_HEADERS=1 -DHAVE_SYS_TYPES_H=1 -DHAVE_SYS_STAT_H=1 -DHAVE_STDLIB_H=1 -DHAVE_STRING_H=1 -DHAVE_MEMORY_H=1 -DHAVE_STRINGS_H=1 -DHAVE_INTTYPES_H=1 -DHAVE_STDINT_H=1 -DHAVE_UNISTD_H=1 -DHAVE_ARPA_INET_H=1 -DHAVE_NETDB_H=1 -DHAVE_NETINET_IN_H=1 -DHAVE_STDLIB_H=1 -DHAVE_STRING_H=1 -DHAVE_SYS_SOCKET_H=1 -DHAVE_UNISTD_H=1 -DHAVE_BZERO=1 -DHAVE_GETHOSTBYNAME=1 -DHAVE_SOCKET=1'
ECHO_C=''
ECHO_N='-n'
ECHO_T=''
EGREP='/bin/grep -E'
EXEEXT=''
GREP='/bin/grep'
LDFLAGS=''
LIBOBJS=''
LIBS='-lnsl '
LTLIBOBJS=''
OBJEXT='o'
PACKAGE_BUGREPORT='BUG-REPORT-ADDRESS'
PACKAGE_NAME='FULL-PACKAGE-NAME'
PACKAGE_STRING='FULL-PACKAGE-NAME VERSION'
PACKAGE_TARNAME='full-package-name'
PACKAGE_VERSION='VERSION'
PATH_SEPARATOR=':'
SHELL='/bin/bash'
ac_ct_CC='gcc'
bindir='${exec_prefix}/bin'
build_alias=''
datadir='${datarootdir}'
datarootdir='${prefix}/share'
docdir='${datarootdir}/doc/${PACKAGE_TARNAME}'
dvidir='${docdir}'
exec_prefix='${prefix}'
host_alias=''
htmldir='${docdir}'
includedir='${prefix}/include'
infodir='${datarootdir}/info'
libdir='${exec_prefix}/lib'
libexecdir='${exec_prefix}/libexec'
localedir='${datarootdir}/locale'
localstatedir='${prefix}/var'
mandir='${datarootdir}/man'
oldincludedir='/usr/include'
pdfdir='${docdir}'
prefix='/usr/local'
program_transform_name='s,x,x,'
psdir='${docdir}'
sbindir='${exec_prefix}/sbin'
sharedstatedir='${prefix}/com'
sysconfdir='${prefix}/etc'
target_alias=''

## ----------- ##
## confdefs.h. ##
## ----------- ##

#define PACKAGE_NAME "FULL-PACKAGE-NAME"
#define PACKAGE_TARNAME "full-package-name"
#define PACKAGE_VERSION "VERSION"
#define PACKAGE_STRING "FULL-PACKAGE-NAME VERSION"
#define PACKAGE_BUGREPORT "BUG-REPORT-ADDRESS"
#define HAVE_LIBNSL 1
#define STDC_HEADERS 1
#define HAVE_SYS_TYPES_H 1
#define HAVE_SYS_STAT_H 1
#define HAVE_STDLIB_H 1
#define HAVE_STRING_H 1
#define HAVE_MEMORY_H 1
#define HAVE_STRINGS_H 1
#define HAVE_INTTYPES_H 1
#define HAVE_STDINT_H 1
#define HAVE_UNISTD_H 1
#define HAVE_ARPA_INET_H 1
#define HAVE_NETDB_H 1
#define HAVE_NETINET_IN_H 1
#define HAVE_STDLIB_H 1
#define HAVE_STRING_H 1
#define HAVE_SYS_SOCKET_H 1
#define HAVE_UNISTD_H 1
#define HAVE_BZERO 1
#define HAVE_GETHOSTBYNAME 1
#define HAVE_SOCKET 1

configure: exit 0
