This file contains any messages produced by compilers while
running configure, to aid debugging if configure makes a mistake.

It was created by tndhms configure 0.09, which was
generated by GNU Autoconf 2.69.  Invocation command line was

  $ ./configure 

## --------- ##
## Platform. ##
## --------- ##

hostname = b44
uname -m = x86_64
uname -r = 4.13.0-46-generic
uname -s = Linux
uname -v = #51-Ubuntu SMP Tue Jun 12 12:36:29 UTC 2018

/usr/bin/uname -p = unknown
/bin/uname -X     = unknown

/bin/arch              = unknown
/usr/bin/arch -k       = unknown
/usr/convex/getsysinfo = unknown
/usr/bin/hostinfo      = unknown
/bin/machine           = unknown
/usr/bin/oslevel       = unknown
/bin/universe          = unknown

PATH: /usr/local/anaconda3/bin
PATH: /usr/local/bin
PATH: /usr/bin
PATH: /bin
PATH: /usr/lib/jvm/java-1.8.0-openjdk-amd64
PATH: /usr/local/sbin
PATH: /usr/local/bin
PATH: /usr/sbin
PATH: /usr/bin
PATH: /sbin
PATH: /bin
PATH: /usr/games
PATH: /usr/local/games
PATH: /snap/bin


## ----------- ##
## Core tests. ##
## ----------- ##

configure:2207: checking for a BSD-compatible install
configure:2275: result: /usr/bin/install -c
configure:2286: checking whether build environment is sane
configure:2341: result: yes
configure:2492: checking for a thread-safe mkdir -p
configure:2531: result: /bin/mkdir -p
configure:2538: checking for gawk
configure:2568: result: no
configure:2538: checking for mawk
configure:2554: found /usr/bin/mawk
configure:2565: result: mawk
configure:2576: checking whether make sets $(MAKE)
configure:2598: result: yes
configure:2627: checking whether make supports nested variables
configure:2644: result: yes
configure:2822: checking for gcc
configure:2838: found /usr/bin/gcc
configure:2849: result: gcc
configure:3078: checking for C compiler version
configure:3087: gcc --version >&5
gcc (Ubuntu 7.3.0-27ubuntu1~18.04) 7.3.0
Copyright (C) 2017 Free Software Foundation, Inc.
This is free software; see the source for copying conditions.  There is NO
warranty; not even for MERCHANTABILITY or FITNESS FOR A PARTICULAR PURPOSE.

configure:3098: $? = 0
configure:3087: gcc -v >&5
Using built-in specs.
COLLECT_GCC=gcc
COLLECT_LTO_WRAPPER=/usr/lib/gcc/x86_64-linux-gnu/7/lto-wrapper
OFFLOAD_TARGET_NAMES=nvptx-none
OFFLOAD_TARGET_DEFAULT=1
Target: x86_64-linux-gnu
Configured with: ../src/configure -v --with-pkgversion='Ubuntu 7.3.0-27ubuntu1~18.04' --with-bugurl=file:///usr/share/doc/gcc-7/README.Bugs --enable-languages=c,ada,c++,go,brig,d,fortran,objc,obj-c++ --prefix=/usr --with-gcc-major-version-only --program-suffix=-7 --program-prefix=x86_64-linux-gnu- --enable-shared --enable-linker-build-id --libexecdir=/usr/lib --without-included-gettext --enable-threads=posix --libdir=/usr/lib --enable-nls --with-sysroot=/ --enable-clocale=gnu --enable-libstdcxx-debug --enable-libstdcxx-time=yes --with-default-libstdcxx-abi=new --enable-gnu-unique-object --disable-vtable-verify --enable-libmpx --enable-plugin --enable-default-pie --with-system-zlib --with-target-system-zlib --enable-objc-gc=auto --enable-multiarch --disable-werror --with-arch-32=i686 --with-abi=m64 --with-multilib-list=m32,m64,mx32 --enable-multilib --with-tune=generic --enable-offload-targets=nvptx-none --without-cuda-driver --enable-checking=release --build=x86_64-linux-gnu --host=x86_64-linux-gnu --target=x86_64-linux-gnu
Thread model: posix
gcc version 7.3.0 (Ubuntu 7.3.0-27ubuntu1~18.04) 
configure:3098: $? = 0
configure:3087: gcc -V >&5
gcc: error: unrecognized command line option '-V'
gcc: fatal error: no input files
compilation terminated.
configure:3098: $? = 1
configure:3087: gcc -qversion >&5
gcc: error: unrecognized command line option '-qversion'; did you mean '--version'?
gcc: fatal error: no input files
compilation terminated.
configure:3098: $? = 1
configure:3118: checking whether the C compiler works
configure:3140: gcc    conftest.c  >&5
configure:3144: $? = 0
configure:3192: result: yes
configure:3195: checking for C compiler default output file name
configure:3197: result: a.out
configure:3203: checking for suffix of executables
configure:3210: gcc -o conftest    conftest.c  >&5
configure:3214: $? = 0
configure:3236: result: 
configure:3258: checking whether we are cross compiling
configure:3266: gcc -o conftest    conftest.c  >&5
configure:3270: $? = 0
configure:3277: ./conftest
configure:3281: $? = 0
configure:3296: result: no
configure:3301: checking for suffix of object files
configure:3323: gcc -c   conftest.c >&5
configure:3327: $? = 0
configure:3348: result: o
configure:3352: checking whether we are using the GNU C compiler
configure:3371: gcc -c   conftest.c >&5
configure:3371: $? = 0
configure:3380: result: yes
configure:3389: checking whether gcc accepts -g
configure:3409: gcc -c -g  conftest.c >&5
configure:3409: $? = 0
configure:3450: result: yes
configure:3467: checking for gcc option to accept ISO C89
configure:3530: gcc  -c -g -O2  conftest.c >&5
configure:3530: $? = 0
configure:3543: result: none needed
configure:3568: checking whether gcc understands -c and -o together
configure:3590: gcc -c conftest.c -o conftest2.o
configure:3593: $? = 0
configure:3590: gcc -c conftest.c -o conftest2.o
configure:3593: $? = 0
configure:3605: result: yes
configure:3633: checking for style of include used by make
configure:3661: result: GNU
configure:3687: checking dependency style of gcc
configure:3798: result: gcc3
configure:3822: checking how to run the C preprocessor
configure:3853: gcc -E  conftest.c
configure:3853: $? = 0
configure:3867: gcc -E  conftest.c
conftest.c:11:10: fatal error: ac_nonexistent.h: No such file or directory
 #include <ac_nonexistent.h>
          ^~~~~~~~~~~~~~~~~~
compilation terminated.
configure:3867: $? = 1
configure: failed program was:
| /* confdefs.h */
| #define PACKAGE_NAME "tndhms"
| #define PACKAGE_TARNAME "tndhms"
| #define PACKAGE_VERSION "0.09"
| #define PACKAGE_STRING "tndhms 0.09"
| #define PACKAGE_BUGREPORT "daihinmin@ice.uec.ac.jp"
| #define PACKAGE_URL ""
| #define PACKAGE "tndhms"
| #define VERSION "0.09"
| /* end confdefs.h.  */
| #include <ac_nonexistent.h>
configure:3892: result: gcc -E
configure:3912: gcc -E  conftest.c
configure:3912: $? = 0
configure:3926: gcc -E  conftest.c
conftest.c:11:10: fatal error: ac_nonexistent.h: No such file or directory
 #include <ac_nonexistent.h>
          ^~~~~~~~~~~~~~~~~~
compilation terminated.
configure:3926: $? = 1
configure: failed program was:
| /* confdefs.h */
| #define PACKAGE_NAME "tndhms"
| #define PACKAGE_TARNAME "tndhms"
| #define PACKAGE_VERSION "0.09"
| #define PACKAGE_STRING "tndhms 0.09"
| #define PACKAGE_BUGREPORT "daihinmin@ice.uec.ac.jp"
| #define PACKAGE_URL ""
| #define PACKAGE "tndhms"
| #define VERSION "0.09"
| /* end confdefs.h.  */
| #include <ac_nonexistent.h>
configure:3955: checking for X
configure:4063: gcc -E  conftest.c
configure:4063: $? = 0
configure:4094: gcc -o conftest -g -O2   conftest.c -lX11  >&5
configure:4094: $? = 0
configure:4144: result: libraries , headers 
configure:4243: gcc -o conftest -g -O2   conftest.c   -lX11 >&5
configure:4243: $? = 0
configure:4341: checking for gethostbyname
configure:4341: gcc -o conftest -g -O2   conftest.c  >&5
configure:4341: $? = 0
configure:4341: result: yes
configure:4438: checking for connect
configure:4438: gcc -o conftest -g -O2   conftest.c  >&5
configure:4438: $? = 0
configure:4438: result: yes
configure:4487: checking for remove
configure:4487: gcc -o conftest -g -O2   conftest.c  >&5
configure:4487: $? = 0
configure:4487: result: yes
configure:4536: checking for shmat
configure:4536: gcc -o conftest -g -O2   conftest.c  >&5
configure:4536: $? = 0
configure:4536: result: yes
configure:4594: checking for IceConnectionNumber in -lICE
configure:4619: gcc -o conftest -g -O2   conftest.c -lICE   >&5
configure:4619: $? = 0
configure:4628: result: yes
configure:4646: checking for library containing gethostbyname
configure:4677: gcc -o conftest -g -O2   conftest.c  >&5
configure:4677: $? = 0
configure:4694: result: none required
configure:4702: checking for library containing socket
configure:4733: gcc -o conftest -g -O2   conftest.c  >&5
configure:4733: $? = 0
configure:4750: result: none required
configure:4804: checking for XmbDrawString in -lX11
configure:4829: gcc -o conftest -g -O2    conftest.c -lX11   >&5
configure:4829: $? = 0
configure:4838: result: yes
configure:4849: checking for XpmCreatePixmapFromData in -lXpm
configure:4874: gcc -o conftest -g -O2    conftest.c -lXpm  -lX11  >&5
configure:4874: $? = 0
configure:4883: result: yes
configure:4899: checking for grep that handles long lines and -e
configure:4957: result: /bin/grep
configure:4962: checking for egrep
configure:5024: result: /bin/grep -E
configure:5029: checking for ANSI C header files
configure:5049: gcc -c -g -O2  conftest.c >&5
configure:5049: $? = 0
configure:5122: gcc -o conftest -g -O2    conftest.c -lXpm -lX11  >&5
configure:5122: $? = 0
configure:5122: ./conftest
configure:5122: $? = 0
configure:5133: result: yes
configure:5146: checking for sys/types.h
configure:5146: gcc -c -g -O2  conftest.c >&5
configure:5146: $? = 0
configure:5146: result: yes
configure:5146: checking for sys/stat.h
configure:5146: gcc -c -g -O2  conftest.c >&5
configure:5146: $? = 0
configure:5146: result: yes
configure:5146: checking for stdlib.h
configure:5146: gcc -c -g -O2  conftest.c >&5
configure:5146: $? = 0
configure:5146: result: yes
configure:5146: checking for string.h
configure:5146: gcc -c -g -O2  conftest.c >&5
configure:5146: $? = 0
configure:5146: result: yes
configure:5146: checking for memory.h
configure:5146: gcc -c -g -O2  conftest.c >&5
configure:5146: $? = 0
configure:5146: result: yes
configure:5146: checking for strings.h
configure:5146: gcc -c -g -O2  conftest.c >&5
configure:5146: $? = 0
configure:5146: result: yes
configure:5146: checking for inttypes.h
configure:5146: gcc -c -g -O2  conftest.c >&5
configure:5146: $? = 0
configure:5146: result: yes
configure:5146: checking for stdint.h
configure:5146: gcc -c -g -O2  conftest.c >&5
configure:5146: $? = 0
configure:5146: result: yes
configure:5146: checking for unistd.h
configure:5146: gcc -c -g -O2  conftest.c >&5
configure:5146: $? = 0
configure:5146: result: yes
configure:5161: checking arpa/inet.h usability
configure:5161: gcc -c -g -O2  conftest.c >&5
configure:5161: $? = 0
configure:5161: result: yes
configure:5161: checking arpa/inet.h presence
configure:5161: gcc -E  conftest.c
configure:5161: $? = 0
configure:5161: result: yes
configure:5161: checking for arpa/inet.h
configure:5161: result: yes
configure:5161: checking for inttypes.h
configure:5161: result: yes
configure:5161: checking netdb.h usability
configure:5161: gcc -c -g -O2  conftest.c >&5
configure:5161: $? = 0
configure:5161: result: yes
configure:5161: checking netdb.h presence
configure:5161: gcc -E  conftest.c
configure:5161: $? = 0
configure:5161: result: yes
configure:5161: checking for netdb.h
configure:5161: result: yes
configure:5161: checking netinet/in.h usability
configure:5161: gcc -c -g -O2  conftest.c >&5
configure:5161: $? = 0
configure:5161: result: yes
configure:5161: checking netinet/in.h presence
configure:5161: gcc -E  conftest.c
configure:5161: $? = 0
configure:5161: result: yes
configure:5161: checking for netinet/in.h
configure:5161: result: yes
configure:5161: checking for stdlib.h
configure:5161: result: yes
configure:5161: checking for string.h
configure:5161: result: yes
configure:5161: checking for strings.h
configure:5161: result: yes
configure:5161: checking sys/param.h usability
configure:5161: gcc -c -g -O2  conftest.c >&5
configure:5161: $? = 0
configure:5161: result: yes
configure:5161: checking sys/param.h presence
configure:5161: gcc -E  conftest.c
configure:5161: $? = 0
configure:5161: result: yes
configure:5161: checking for sys/param.h
configure:5161: result: yes
configure:5161: checking sys/socket.h usability
configure:5161: gcc -c -g -O2  conftest.c >&5
configure:5161: $? = 0
configure:5161: result: yes
configure:5161: checking sys/socket.h presence
configure:5161: gcc -E  conftest.c
configure:5161: $? = 0
configure:5161: result: yes
configure:5161: checking for sys/socket.h
configure:5161: result: yes
configure:5161: checking for unistd.h
configure:5161: result: yes
configure:5180: checking for bzero
configure:5180: gcc -o conftest -g -O2    conftest.c -lXpm -lX11  >&5
conftest.c:56:6: warning: conflicting types for built-in function 'bzero' [-Wbuiltin-declaration-mismatch]
 char bzero ();
      ^~~~~
configure:5180: $? = 0
configure:5180: result: yes
configure:5180: checking for inet_ntoa
configure:5180: gcc -o conftest -g -O2    conftest.c -lXpm -lX11  >&5
configure:5180: $? = 0
configure:5180: result: yes
configure:5180: checking for memset
configure:5180: gcc -o conftest -g -O2    conftest.c -lXpm -lX11  >&5
conftest.c:58:6: warning: conflicting types for built-in function 'memset' [-Wbuiltin-declaration-mismatch]
 char memset ();
      ^~~~~~
configure:5180: $? = 0
configure:5180: result: yes
configure:5180: checking for socket
configure:5180: gcc -o conftest -g -O2    conftest.c -lXpm -lX11  >&5
configure:5180: $? = 0
configure:5180: result: yes
configure:5180: checking for XCopyArea
configure:5180: gcc -o conftest -g -O2    conftest.c -lXpm -lX11  >&5
configure:5180: $? = 0
configure:5180: result: yes
configure:5180: checking for XpmReadFileToPixmap
configure:5180: gcc -o conftest -g -O2    conftest.c -lXpm -lX11  >&5
configure:5180: $? = 0
configure:5180: result: yes
configure:5319: checking that generated files are newer than configure
configure:5325: result: done
configure:5348: creating ./config.status

## ---------------------- ##
## Running config.status. ##
## ---------------------- ##

This file was extended by tndhms config.status 0.09, which was
generated by GNU Autoconf 2.69.  Invocation command line was

  CONFIG_FILES    = 
  CONFIG_HEADERS  = 
  CONFIG_LINKS    = 
  CONFIG_COMMANDS = 
  $ ./config.status 

on b44

config.status:876: creating Makefile
config.status:876: creating src/Makefile
config.status:876: creating src/config.h
config.status:1105: executing depfiles commands

## ---------------- ##
## Cache variables. ##
## ---------------- ##

ac_cv_c_compiler_gnu=yes
ac_cv_env_CC_set=
ac_cv_env_CC_value=
ac_cv_env_CFLAGS_set=
ac_cv_env_CFLAGS_value=
ac_cv_env_CPPFLAGS_set=
ac_cv_env_CPPFLAGS_value=
ac_cv_env_CPP_set=
ac_cv_env_CPP_value=
ac_cv_env_LDFLAGS_set=
ac_cv_env_LDFLAGS_value=
ac_cv_env_LIBS_set=
ac_cv_env_LIBS_value=
ac_cv_env_XMKMF_set=
ac_cv_env_XMKMF_value=
ac_cv_env_build_alias_set=
ac_cv_env_build_alias_value=
ac_cv_env_host_alias_set=
ac_cv_env_host_alias_value=
ac_cv_env_target_alias_set=
ac_cv_env_target_alias_value=
ac_cv_func_XCopyArea=yes
ac_cv_func_XpmReadFileToPixmap=yes
ac_cv_func_bzero=yes
ac_cv_func_connect=yes
ac_cv_func_gethostbyname=yes
ac_cv_func_inet_ntoa=yes
ac_cv_func_memset=yes
ac_cv_func_remove=yes
ac_cv_func_shmat=yes
ac_cv_func_socket=yes
ac_cv_have_x='have_x=yes	ac_x_includes='\'''\''	ac_x_libraries='\'''\'''
ac_cv_header_arpa_inet_h=yes
ac_cv_header_inttypes_h=yes
ac_cv_header_memory_h=yes
ac_cv_header_netdb_h=yes
ac_cv_header_netinet_in_h=yes
ac_cv_header_stdc=yes
ac_cv_header_stdint_h=yes
ac_cv_header_stdlib_h=yes
ac_cv_header_string_h=yes
ac_cv_header_strings_h=yes
ac_cv_header_sys_param_h=yes
ac_cv_header_sys_socket_h=yes
ac_cv_header_sys_stat_h=yes
ac_cv_header_sys_types_h=yes
ac_cv_header_unistd_h=yes
ac_cv_lib_ICE_IceConnectionNumber=yes
ac_cv_lib_X11_XmbDrawString=yes
ac_cv_lib_Xpm_XpmCreatePixmapFromData=yes
ac_cv_objext=o
ac_cv_path_EGREP='/bin/grep -E'
ac_cv_path_GREP=/bin/grep
ac_cv_path_install='/usr/bin/install -c'
ac_cv_path_mkdir=/bin/mkdir
ac_cv_prog_AWK=mawk
ac_cv_prog_CPP='gcc -E'
ac_cv_prog_ac_ct_CC=gcc
ac_cv_prog_cc_c89=
ac_cv_prog_cc_g=yes
ac_cv_prog_make_make_set=yes
ac_cv_search_gethostbyname='none required'
ac_cv_search_socket='none required'
am_cv_CC_dependencies_compiler_type=gcc3
am_cv_make_support_nested_variables=yes
am_cv_prog_cc_c_o=yes

## ----------------- ##
## Output variables. ##
## ----------------- ##

ACLOCAL='${SHELL} /home2/y2017/s1710730/workspace/UEC/term_5/prog_lang/uecda/tndhm_devkit_c-20180826/server/missing aclocal-1.14'
AMDEPBACKSLASH='\'
AMDEP_FALSE='#'
AMDEP_TRUE=''
AMTAR='$${TAR-tar}'
AM_BACKSLASH='\'
AM_DEFAULT_V='$(AM_DEFAULT_VERBOSITY)'
AM_DEFAULT_VERBOSITY='1'
AM_V='$(V)'
AUTOCONF='${SHELL} /home2/y2017/s1710730/workspace/UEC/term_5/prog_lang/uecda/tndhm_devkit_c-20180826/server/missing autoconf'
AUTOHEADER='${SHELL} /home2/y2017/s1710730/workspace/UEC/term_5/prog_lang/uecda/tndhm_devkit_c-20180826/server/missing autoheader'
AUTOMAKE='${SHELL} /home2/y2017/s1710730/workspace/UEC/term_5/prog_lang/uecda/tndhm_devkit_c-20180826/server/missing automake-1.14'
AWK='mawk'
CC='gcc'
CCDEPMODE='depmode=gcc3'
CFLAGS='-g -O2'
CPP='gcc -E'
CPPFLAGS=''
CYGPATH_W='echo'
DEFS='-DHAVE_CONFIG_H'
DEPDIR='.deps'
ECHO_C=''
ECHO_N='-n'
ECHO_T=''
EGREP='/bin/grep -E'
EXEEXT=''
GREP='/bin/grep'
INSTALL_DATA='${INSTALL} -m 644'
INSTALL_PROGRAM='${INSTALL}'
INSTALL_SCRIPT='${INSTALL}'
INSTALL_STRIP_PROGRAM='$(install_sh) -c -s'
LDFLAGS=' '
LIBOBJS=''
LIBS='-lXpm -lX11 '
LTLIBOBJS=''
MAKEINFO='${SHELL} /home2/y2017/s1710730/workspace/UEC/term_5/prog_lang/uecda/tndhm_devkit_c-20180826/server/missing makeinfo'
MKDIR_P='/bin/mkdir -p'
OBJEXT='o'
PACKAGE='tndhms'
PACKAGE_BUGREPORT='daihinmin@ice.uec.ac.jp'
PACKAGE_NAME='tndhms'
PACKAGE_STRING='tndhms 0.09'
PACKAGE_TARNAME='tndhms'
PACKAGE_URL=''
PACKAGE_VERSION='0.09'
PATH_SEPARATOR=':'
SET_MAKE=''
SHELL='/bin/bash'
STRIP=''
VERSION='0.09'
XMKMF=''
X_CFLAGS=''
X_EXTRA_LIBS=''
X_LIBS=''
X_PRE_LIBS=' -lSM -lICE'
ac_ct_CC='gcc'
am__EXEEXT_FALSE=''
am__EXEEXT_TRUE='#'
am__fastdepCC_FALSE='#'
am__fastdepCC_TRUE=''
am__include='include'
am__isrc=''
am__leading_dot='.'
am__nodep='_no'
am__quote=''
am__tar='$${TAR-tar} chof - "$$tardir"'
am__untar='$${TAR-tar} xf -'
bindir='${exec_prefix}/bin'
build_alias=''
datadir='${datarootdir}'
datarootdir='${prefix}/share'
docdir='${datarootdir}/doc/${PACKAGE_TARNAME}'
dvidir='${docdir}'
exec_prefix='${prefix}'
host_alias=''
htmldir='${docdir}'
includedir='${prefix}/include'
infodir='${datarootdir}/info'
install_sh='${SHELL} /home2/y2017/s1710730/workspace/UEC/term_5/prog_lang/uecda/tndhm_devkit_c-20180826/server/install-sh'
libdir='${exec_prefix}/lib'
libexecdir='${exec_prefix}/libexec'
localedir='${datarootdir}/locale'
localstatedir='${prefix}/var'
mandir='${datarootdir}/man'
mkdir_p='$(MKDIR_P)'
oldincludedir='/usr/include'
pdfdir='${docdir}'
prefix='/usr/local'
program_transform_name='s,x,x,'
psdir='${docdir}'
sbindir='${exec_prefix}/sbin'
sharedstatedir='${prefix}/com'
sysconfdir='${prefix}/etc'
target_alias=''

## ----------- ##
## confdefs.h. ##
## ----------- ##

/* confdefs.h */
#define PACKAGE_NAME "tndhms"
#define PACKAGE_TARNAME "tndhms"
#define PACKAGE_VERSION "0.09"
#define PACKAGE_STRING "tndhms 0.09"
#define PACKAGE_BUGREPORT "daihinmin@ice.uec.ac.jp"
#define PACKAGE_URL ""
#define PACKAGE "tndhms"
#define VERSION "0.09"
#define HAVE_LIBX11 1
#define HAVE_LIBXPM 1
#define STDC_HEADERS 1
#define HAVE_SYS_TYPES_H 1
#define HAVE_SYS_STAT_H 1
#define HAVE_STDLIB_H 1
#define HAVE_STRING_H 1
#define HAVE_MEMORY_H 1
#define HAVE_STRINGS_H 1
#define HAVE_INTTYPES_H 1
#define HAVE_STDINT_H 1
#define HAVE_UNISTD_H 1
#define HAVE_ARPA_INET_H 1
#define HAVE_INTTYPES_H 1
#define HAVE_NETDB_H 1
#define HAVE_NETINET_IN_H 1
#define HAVE_STDLIB_H 1
#define HAVE_STRING_H 1
#define HAVE_STRINGS_H 1
#define HAVE_SYS_PARAM_H 1
#define HAVE_SYS_SOCKET_H 1
#define HAVE_UNISTD_H 1
#define HAVE_BZERO 1
#define HAVE_INET_NTOA 1
#define HAVE_MEMSET 1
#define HAVE_SOCKET 1
#define HAVE_XCOPYAREA 1
#define HAVE_XPMREADFILETOPIXMAP 1

configure: exit 0
