This file contains any messages produced by compilers while
running configure, to aid debugging if configure makes a mistake.

It was created by tndhmc configure 0.01, which was
generated by GNU Autoconf 2.69.  Invocation command line was

  $ ./configure 

## --------- ##
## Platform. ##
## --------- ##

hostname = b44
uname -m = x86_64
uname -r = 4.13.0-46-generic
uname -s = Linux
uname -v = #51-Ubuntu SMP Tue Jun 12 12:36:29 UTC 2018

/usr/bin/uname -p = unknown
/bin/uname -X     = unknown

/bin/arch              = unknown
/usr/bin/arch -k       = unknown
/usr/convex/getsysinfo = unknown
/usr/bin/hostinfo      = unknown
/bin/machine           = unknown
/usr/bin/oslevel       = unknown
/bin/universe          = unknown

PATH: /usr/local/anaconda3/bin
PATH: /usr/local/bin
PATH: /usr/bin
PATH: /bin
PATH: /usr/lib/jvm/java-1.8.0-openjdk-amd64
PATH: /usr/local/sbin
PATH: /usr/local/bin
PATH: /usr/sbin
PATH: /usr/bin
PATH: /sbin
PATH: /bin
PATH: /usr/games
PATH: /usr/local/games
PATH: /snap/bin


## ----------- ##
## Core tests. ##
## ----------- ##

configure:2188: checking for a BSD-compatible install
configure:2256: result: /usr/bin/install -c
configure:2267: checking whether build environment is sane
configure:2322: result: yes
configure:2473: checking for a thread-safe mkdir -p
configure:2512: result: /bin/mkdir -p
configure:2519: checking for gawk
configure:2549: result: no
configure:2519: checking for mawk
configure:2535: found /usr/bin/mawk
configure:2546: result: mawk
configure:2557: checking whether make sets $(MAKE)
configure:2579: result: yes
configure:2608: checking whether make supports nested variables
configure:2625: result: yes
configure:2803: checking for gcc
configure:2819: found /usr/bin/gcc
configure:2830: result: gcc
configure:3059: checking for C compiler version
configure:3068: gcc --version >&5
gcc (Ubuntu 7.3.0-27ubuntu1~18.04) 7.3.0
Copyright (C) 2017 Free Software Foundation, Inc.
This is free software; see the source for copying conditions.  There is NO
warranty; not even for MERCHANTABILITY or FITNESS FOR A PARTICULAR PURPOSE.

configure:3079: $? = 0
configure:3068: gcc -v >&5
Using built-in specs.
COLLECT_GCC=gcc
COLLECT_LTO_WRAPPER=/usr/lib/gcc/x86_64-linux-gnu/7/lto-wrapper
OFFLOAD_TARGET_NAMES=nvptx-none
OFFLOAD_TARGET_DEFAULT=1
Target: x86_64-linux-gnu
Configured with: ../src/configure -v --with-pkgversion='Ubuntu 7.3.0-27ubuntu1~18.04' --with-bugurl=file:///usr/share/doc/gcc-7/README.Bugs --enable-languages=c,ada,c++,go,brig,d,fortran,objc,obj-c++ --prefix=/usr --with-gcc-major-version-only --program-suffix=-7 --program-prefix=x86_64-linux-gnu- --enable-shared --enable-linker-build-id --libexecdir=/usr/lib --without-included-gettext --enable-threads=posix --libdir=/usr/lib --enable-nls --with-sysroot=/ --enable-clocale=gnu --enable-libstdcxx-debug --enable-libstdcxx-time=yes --with-default-libstdcxx-abi=new --enable-gnu-unique-object --disable-vtable-verify --enable-libmpx --enable-plugin --enable-default-pie --with-system-zlib --with-target-system-zlib --enable-objc-gc=auto --enable-multiarch --disable-werror --with-arch-32=i686 --with-abi=m64 --with-multilib-list=m32,m64,mx32 --enable-multilib --with-tune=generic --enable-offload-targets=nvptx-none --without-cuda-driver --enable-checking=release --build=x86_64-linux-gnu --host=x86_64-linux-gnu --target=x86_64-linux-gnu
Thread model: posix
gcc version 7.3.0 (Ubuntu 7.3.0-27ubuntu1~18.04) 
configure:3079: $? = 0
configure:3068: gcc -V >&5
gcc: error: unrecognized command line option '-V'
gcc: fatal error: no input files
compilation terminated.
configure:3079: $? = 1
configure:3068: gcc -qversion >&5
gcc: error: unrecognized command line option '-qversion'; did you mean '--version'?
gcc: fatal error: no input files
compilation terminated.
configure:3079: $? = 1
configure:3099: checking whether the C compiler works
configure:3121: gcc    conftest.c  >&5
configure:3125: $? = 0
configure:3173: result: yes
configure:3176: checking for C compiler default output file name
configure:3178: result: a.out
configure:3184: checking for suffix of executables
configure:3191: gcc -o conftest    conftest.c  >&5
configure:3195: $? = 0
configure:3217: result: 
configure:3239: checking whether we are cross compiling
configure:3247: gcc -o conftest    conftest.c  >&5
configure:3251: $? = 0
configure:3258: ./conftest
configure:3262: $? = 0
configure:3277: result: no
configure:3282: checking for suffix of object files
configure:3304: gcc -c   conftest.c >&5
configure:3308: $? = 0
configure:3329: result: o
configure:3333: checking whether we are using the GNU C compiler
configure:3352: gcc -c   conftest.c >&5
configure:3352: $? = 0
configure:3361: result: yes
configure:3370: checking whether gcc accepts -g
configure:3390: gcc -c -g  conftest.c >&5
configure:3390: $? = 0
configure:3431: result: yes
configure:3448: checking for gcc option to accept ISO C89
configure:3511: gcc  -c -g -O2  conftest.c >&5
configure:3511: $? = 0
configure:3524: result: none needed
configure:3549: checking whether gcc understands -c and -o together
configure:3571: gcc -c conftest.c -o conftest2.o
configure:3574: $? = 0
configure:3571: gcc -c conftest.c -o conftest2.o
configure:3574: $? = 0
configure:3586: result: yes
configure:3614: checking for style of include used by make
configure:3642: result: GNU
configure:3668: checking dependency style of gcc
configure:3779: result: gcc3
configure:3799: checking for library containing gethostbyname
configure:3830: gcc -o conftest -g -O2   conftest.c  >&5
configure:3830: $? = 0
configure:3847: result: none required
configure:3855: checking for library containing socket
configure:3886: gcc -o conftest -g -O2   conftest.c  >&5
configure:3886: $? = 0
configure:3903: result: none required
configure:3963: checking how to run the C preprocessor
configure:3994: gcc -E  conftest.c
configure:3994: $? = 0
configure:4008: gcc -E  conftest.c
conftest.c:11:10: fatal error: ac_nonexistent.h: No such file or directory
 #include <ac_nonexistent.h>
          ^~~~~~~~~~~~~~~~~~
compilation terminated.
configure:4008: $? = 1
configure: failed program was:
| /* confdefs.h */
| #define PACKAGE_NAME "tndhmc"
| #define PACKAGE_TARNAME "tndhmc"
| #define PACKAGE_VERSION "0.01"
| #define PACKAGE_STRING "tndhmc 0.01"
| #define PACKAGE_BUGREPORT "daihinmin@inf.uec.ac.jp"
| #define PACKAGE_URL ""
| #define PACKAGE "tndhmc"
| #define VERSION "0.01"
| /* end confdefs.h.  */
| #include <ac_nonexistent.h>
configure:4033: result: gcc -E
configure:4053: gcc -E  conftest.c
configure:4053: $? = 0
configure:4067: gcc -E  conftest.c
conftest.c:11:10: fatal error: ac_nonexistent.h: No such file or directory
 #include <ac_nonexistent.h>
          ^~~~~~~~~~~~~~~~~~
compilation terminated.
configure:4067: $? = 1
configure: failed program was:
| /* confdefs.h */
| #define PACKAGE_NAME "tndhmc"
| #define PACKAGE_TARNAME "tndhmc"
| #define PACKAGE_VERSION "0.01"
| #define PACKAGE_STRING "tndhmc 0.01"
| #define PACKAGE_BUGREPORT "daihinmin@inf.uec.ac.jp"
| #define PACKAGE_URL ""
| #define PACKAGE "tndhmc"
| #define VERSION "0.01"
| /* end confdefs.h.  */
| #include <ac_nonexistent.h>
configure:4096: checking for grep that handles long lines and -e
configure:4154: result: /bin/grep
configure:4159: checking for egrep
configure:4221: result: /bin/grep -E
configure:4226: checking for ANSI C header files
configure:4246: gcc -c -g -O2  conftest.c >&5
configure:4246: $? = 0
configure:4319: gcc -o conftest -g -O2   conftest.c  >&5
configure:4319: $? = 0
configure:4319: ./conftest
configure:4319: $? = 0
configure:4330: result: yes
configure:4343: checking for sys/types.h
configure:4343: gcc -c -g -O2  conftest.c >&5
configure:4343: $? = 0
configure:4343: result: yes
configure:4343: checking for sys/stat.h
configure:4343: gcc -c -g -O2  conftest.c >&5
configure:4343: $? = 0
configure:4343: result: yes
configure:4343: checking for stdlib.h
configure:4343: gcc -c -g -O2  conftest.c >&5
configure:4343: $? = 0
configure:4343: result: yes
configure:4343: checking for string.h
configure:4343: gcc -c -g -O2  conftest.c >&5
configure:4343: $? = 0
configure:4343: result: yes
configure:4343: checking for memory.h
configure:4343: gcc -c -g -O2  conftest.c >&5
configure:4343: $? = 0
configure:4343: result: yes
configure:4343: checking for strings.h
configure:4343: gcc -c -g -O2  conftest.c >&5
configure:4343: $? = 0
configure:4343: result: yes
configure:4343: checking for inttypes.h
configure:4343: gcc -c -g -O2  conftest.c >&5
configure:4343: $? = 0
configure:4343: result: yes
configure:4343: checking for stdint.h
configure:4343: gcc -c -g -O2  conftest.c >&5
configure:4343: $? = 0
configure:4343: result: yes
configure:4343: checking for unistd.h
configure:4343: gcc -c -g -O2  conftest.c >&5
configure:4343: $? = 0
configure:4343: result: yes
configure:4358: checking arpa/inet.h usability
configure:4358: gcc -c -g -O2  conftest.c >&5
configure:4358: $? = 0
configure:4358: result: yes
configure:4358: checking arpa/inet.h presence
configure:4358: gcc -E  conftest.c
configure:4358: $? = 0
configure:4358: result: yes
configure:4358: checking for arpa/inet.h
configure:4358: result: yes
configure:4358: checking for inttypes.h
configure:4358: result: yes
configure:4358: checking netdb.h usability
configure:4358: gcc -c -g -O2  conftest.c >&5
configure:4358: $? = 0
configure:4358: result: yes
configure:4358: checking netdb.h presence
configure:4358: gcc -E  conftest.c
configure:4358: $? = 0
configure:4358: result: yes
configure:4358: checking for netdb.h
configure:4358: result: yes
configure:4358: checking netinet/in.h usability
configure:4358: gcc -c -g -O2  conftest.c >&5
configure:4358: $? = 0
configure:4358: result: yes
configure:4358: checking netinet/in.h presence
configure:4358: gcc -E  conftest.c
configure:4358: $? = 0
configure:4358: result: yes
configure:4358: checking for netinet/in.h
configure:4358: result: yes
configure:4358: checking for stdlib.h
configure:4358: result: yes
configure:4358: checking for string.h
configure:4358: result: yes
configure:4358: checking for strings.h
configure:4358: result: yes
configure:4358: checking sys/param.h usability
configure:4358: gcc -c -g -O2  conftest.c >&5
configure:4358: $? = 0
configure:4358: result: yes
configure:4358: checking sys/param.h presence
configure:4358: gcc -E  conftest.c
configure:4358: $? = 0
configure:4358: result: yes
configure:4358: checking for sys/param.h
configure:4358: result: yes
configure:4358: checking sys/socket.h usability
configure:4358: gcc -c -g -O2  conftest.c >&5
configure:4358: $? = 0
configure:4358: result: yes
configure:4358: checking sys/socket.h presence
configure:4358: gcc -E  conftest.c
configure:4358: $? = 0
configure:4358: result: yes
configure:4358: checking for sys/socket.h
configure:4358: result: yes
configure:4358: checking for unistd.h
configure:4358: result: yes
configure:4376: checking for bzero
configure:4376: gcc -o conftest -g -O2   conftest.c  >&5
conftest.c:54:6: warning: conflicting types for built-in function 'bzero' [-Wbuiltin-declaration-mismatch]
 char bzero ();
      ^~~~~
configure:4376: $? = 0
configure:4376: result: yes
configure:4376: checking for inet_ntoa
configure:4376: gcc -o conftest -g -O2   conftest.c  >&5
configure:4376: $? = 0
configure:4376: result: yes
configure:4376: checking for memset
configure:4376: gcc -o conftest -g -O2   conftest.c  >&5
conftest.c:56:6: warning: conflicting types for built-in function 'memset' [-Wbuiltin-declaration-mismatch]
 char memset ();
      ^~~~~~
configure:4376: $? = 0
configure:4376: result: yes
configure:4376: checking for socket
configure:4376: gcc -o conftest -g -O2   conftest.c  >&5
configure:4376: $? = 0
configure:4376: result: yes
configure:4499: checking that generated files are newer than configure
configure:4505: result: done
configure:4528: creating ./config.status

## ---------------------- ##
## Running config.status. ##
## ---------------------- ##

This file was extended by tndhmc config.status 0.01, which was
generated by GNU Autoconf 2.69.  Invocation command line was

  CONFIG_FILES    = 
  CONFIG_HEADERS  = 
  CONFIG_LINKS    = 
  CONFIG_COMMANDS = 
  $ ./config.status 

on b44

config.status:867: creating Makefile
config.status:867: creating src/Makefile
config.status:867: creating src/config.h
config.status:1096: executing depfiles commands

## ---------------- ##
## Cache variables. ##
## ---------------- ##

ac_cv_c_compiler_gnu=yes
ac_cv_env_CC_set=
ac_cv_env_CC_value=
ac_cv_env_CFLAGS_set=
ac_cv_env_CFLAGS_value=
ac_cv_env_CPPFLAGS_set=
ac_cv_env_CPPFLAGS_value=
ac_cv_env_CPP_set=
ac_cv_env_CPP_value=
ac_cv_env_LDFLAGS_set=
ac_cv_env_LDFLAGS_value=
ac_cv_env_LIBS_set=
ac_cv_env_LIBS_value=
ac_cv_env_build_alias_set=
ac_cv_env_build_alias_value=
ac_cv_env_host_alias_set=
ac_cv_env_host_alias_value=
ac_cv_env_target_alias_set=
ac_cv_env_target_alias_value=
ac_cv_func_bzero=yes
ac_cv_func_inet_ntoa=yes
ac_cv_func_memset=yes
ac_cv_func_socket=yes
ac_cv_header_arpa_inet_h=yes
ac_cv_header_inttypes_h=yes
ac_cv_header_memory_h=yes
ac_cv_header_netdb_h=yes
ac_cv_header_netinet_in_h=yes
ac_cv_header_stdc=yes
ac_cv_header_stdint_h=yes
ac_cv_header_stdlib_h=yes
ac_cv_header_string_h=yes
ac_cv_header_strings_h=yes
ac_cv_header_sys_param_h=yes
ac_cv_header_sys_socket_h=yes
ac_cv_header_sys_stat_h=yes
ac_cv_header_sys_types_h=yes
ac_cv_header_unistd_h=yes
ac_cv_objext=o
ac_cv_path_EGREP='/bin/grep -E'
ac_cv_path_GREP=/bin/grep
ac_cv_path_install='/usr/bin/install -c'
ac_cv_path_mkdir=/bin/mkdir
ac_cv_prog_AWK=mawk
ac_cv_prog_CPP='gcc -E'
ac_cv_prog_ac_ct_CC=gcc
ac_cv_prog_cc_c89=
ac_cv_prog_cc_g=yes
ac_cv_prog_make_make_set=yes
ac_cv_search_gethostbyname='none required'
ac_cv_search_socket='none required'
am_cv_CC_dependencies_compiler_type=gcc3
am_cv_make_support_nested_variables=yes
am_cv_prog_cc_c_o=yes

## ----------------- ##
## Output variables. ##
## ----------------- ##

ACLOCAL='${SHELL} /home2/y2017/s1710730/workspace/UEC/term_5/prog_lang/uecda/tndhmc-0.03/missing aclocal-1.14'
AMDEPBACKSLASH='\'
AMDEP_FALSE='#'
AMDEP_TRUE=''
AMTAR='$${TAR-tar}'
AM_BACKSLASH='\'
AM_DEFAULT_V='$(AM_DEFAULT_VERBOSITY)'
AM_DEFAULT_VERBOSITY='1'
AM_V='$(V)'
AUTOCONF='${SHELL} /home2/y2017/s1710730/workspace/UEC/term_5/prog_lang/uecda/tndhmc-0.03/missing autoconf'
AUTOHEADER='${SHELL} /home2/y2017/s1710730/workspace/UEC/term_5/prog_lang/uecda/tndhmc-0.03/missing autoheader'
AUTOMAKE='${SHELL} /home2/y2017/s1710730/workspace/UEC/term_5/prog_lang/uecda/tndhmc-0.03/missing automake-1.14'
AWK='mawk'
CC='gcc'
CCDEPMODE='depmode=gcc3'
CFLAGS='-g -O2'
CPP='gcc -E'
CPPFLAGS=''
CYGPATH_W='echo'
DEFS='-DHAVE_CONFIG_H'
DEPDIR='.deps'
ECHO_C=''
ECHO_N='-n'
ECHO_T=''
EGREP='/bin/grep -E'
EXEEXT=''
GREP='/bin/grep'
INSTALL_DATA='${INSTALL} -m 644'
INSTALL_PROGRAM='${INSTALL}'
INSTALL_SCRIPT='${INSTALL}'
INSTALL_STRIP_PROGRAM='$(install_sh) -c -s'
LDFLAGS=''
LIBOBJS=''
LIBS=''
LTLIBOBJS=''
MAKEINFO='${SHELL} /home2/y2017/s1710730/workspace/UEC/term_5/prog_lang/uecda/tndhmc-0.03/missing makeinfo'
MKDIR_P='/bin/mkdir -p'
OBJEXT='o'
PACKAGE='tndhmc'
PACKAGE_BUGREPORT='daihinmin@inf.uec.ac.jp'
PACKAGE_NAME='tndhmc'
PACKAGE_STRING='tndhmc 0.01'
PACKAGE_TARNAME='tndhmc'
PACKAGE_URL=''
PACKAGE_VERSION='0.01'
PATH_SEPARATOR=':'
SET_MAKE=''
SHELL='/bin/bash'
STRIP=''
VERSION='0.01'
ac_ct_CC='gcc'
am__EXEEXT_FALSE=''
am__EXEEXT_TRUE='#'
am__fastdepCC_FALSE='#'
am__fastdepCC_TRUE=''
am__include='include'
am__isrc=''
am__leading_dot='.'
am__nodep='_no'
am__quote=''
am__tar='$${TAR-tar} chof - "$$tardir"'
am__untar='$${TAR-tar} xf -'
bindir='${exec_prefix}/bin'
build_alias=''
datadir='${datarootdir}'
datarootdir='${prefix}/share'
docdir='${datarootdir}/doc/${PACKAGE_TARNAME}'
dvidir='${docdir}'
exec_prefix='${prefix}'
host_alias=''
htmldir='${docdir}'
includedir='${prefix}/include'
infodir='${datarootdir}/info'
install_sh='${SHELL} /home2/y2017/s1710730/workspace/UEC/term_5/prog_lang/uecda/tndhmc-0.03/install-sh'
libdir='${exec_prefix}/lib'
libexecdir='${exec_prefix}/libexec'
localedir='${datarootdir}/locale'
localstatedir='${prefix}/var'
mandir='${datarootdir}/man'
mkdir_p='$(MKDIR_P)'
oldincludedir='/usr/include'
pdfdir='${docdir}'
prefix='/usr/local'
program_transform_name='s,x,x,'
psdir='${docdir}'
sbindir='${exec_prefix}/sbin'
sharedstatedir='${prefix}/com'
sysconfdir='${prefix}/etc'
target_alias=''

## ----------- ##
## confdefs.h. ##
## ----------- ##

/* confdefs.h */
#define PACKAGE_NAME "tndhmc"
#define PACKAGE_TARNAME "tndhmc"
#define PACKAGE_VERSION "0.01"
#define PACKAGE_STRING "tndhmc 0.01"
#define PACKAGE_BUGREPORT "daihinmin@inf.uec.ac.jp"
#define PACKAGE_URL ""
#define PACKAGE "tndhmc"
#define VERSION "0.01"
#define STDC_HEADERS 1
#define HAVE_SYS_TYPES_H 1
#define HAVE_SYS_STAT_H 1
#define HAVE_STDLIB_H 1
#define HAVE_STRING_H 1
#define HAVE_MEMORY_H 1
#define HAVE_STRINGS_H 1
#define HAVE_INTTYPES_H 1
#define HAVE_STDINT_H 1
#define HAVE_UNISTD_H 1
#define HAVE_ARPA_INET_H 1
#define HAVE_INTTYPES_H 1
#define HAVE_NETDB_H 1
#define HAVE_NETINET_IN_H 1
#define HAVE_STDLIB_H 1
#define HAVE_STRING_H 1
#define HAVE_STRINGS_H 1
#define HAVE_SYS_PARAM_H 1
#define HAVE_SYS_SOCKET_H 1
#define HAVE_UNISTD_H 1
#define HAVE_BZERO 1
#define HAVE_INET_NTOA 1
#define HAVE_MEMSET 1
#define HAVE_SOCKET 1

configure: exit 0
